# JRE version: OpenJDK Runtime Environment Temurin-21.0.12.1+1 (21.0.12.1+1) (build 21.0.12.1+1-LTS)
# Java VM: OpenJDK 64-Bit Server VM Temurin-21.0.12.1+1 (21.0.12.1+1-LTS, mixed mode, sharing, tiered, compressed oops, compressed class ptrs, parallel gc, windows-amd64)
GC Precious Log:
 CardTable entry size: 512
 CPUs: 12 total, 12 available
 Memory: 16024M
 Large Page Support: Disabled
 NUMA Support: Disabled
 Compressed Oops: Enabled (32-bit)
 Alignments: Space 512K, Generation 512K, Heap 2M
 Heap Min Capacity: 100M
 Heap Initial Capacity: 100M
 Heap Max Capacity: 2G
 Pre-touch: Disabled
 Parallel Workers: 10
Heap:
 PSYoungGen      total 28160K, used 11889K [0x00000000d5580000, 0x00000000d7680000, 0x0000000100000000)
  eden space 23040K, 29% used [0x00000000d5580000,0x00000000d5c33a18,0x00000000d6c00000)
  from space 5120K, 98% used [0x00000000d6c00000,0x00000000d70e8ba0,0x00000000d7100000)
  to   space 5120K, 0% used [0x00000000d7180000,0x00000000d7180000,0x00000000d7680000)
 ParOldGen       total 99840K, used 99331K [0x0000000080000000, 0x0000000086180000, 0x00000000d5580000)
  object space 99840K, 99% used [0x0000000080000000,0x0000000086100df0,0x0000000086180000)
 Metaspace       used 75028K, committed 76416K, reserved 1179648K
  class space    used 7580K, committed 8192K, reserved 1048576K
GC Heap History (20 events):
Event: 683.002 GC heap before
{Heap before GC invocations=611 (full 5):
 PSYoungGen      total 25088K, used 25072K [0x00000000d5580000, 0x00000000d7500000, 0x0000000100000000)
  eden space 21504K, 100% used [0x00000000d5580000,0x00000000d6a80000,0x00000000d6a80000)
  from space 3584K, 99% used [0x00000000d6a80000,0x00000000d6dfc050,0x00000000d6e00000)
  to   space 5120K, 0% used [0x00000000d7000000,0x00000000d7000000,0x00000000d7500000)
 ParOldGen       total 95232K, used 95169K [0x0000000080000000, 0x0000000085d00000, 0x00000000d5580000)
  object space 95232K, 99% used [0x0000000080000000,0x0000000085cf0438,0x0000000085d00000)
 Metaspace       used 74797K, committed 76160K, reserved 1179648K
  class space    used 7556K, committed 8192K, reserved 1048576K
}
Event: 683.005 GC heap after
{Heap after GC invocations=611 (full 5):
 PSYoungGen      total 25600K, used 3152K [0x00000000d5580000, 0x00000000d7380000, 0x0000000100000000)
  eden space 22016K, 0% used [0x00000000d5580000,0x00000000d5580000,0x00000000d6b00000)
  from space 3584K, 87% used [0x00000000d7000000,0x00000000d7314030,0x00000000d7380000)
  to   space 4096K, 0% used [0x00000000d6b80000,0x00000000d6b80000,0x00000000d6f80000)
 ParOldGen       total 95744K, used 95677K [0x0000000080000000, 0x0000000085d80000, 0x00000000d5580000)
  object space 95744K, 99% used [0x0000000080000000,0x0000000085d6f400,0x0000000085d80000)
 Metaspace       used 74797K, committed 76160K, reserved 1179648K
  class space    used 7556K, committed 8192K, reserved 1048576K
}
Event: 683.558 GC heap before
{Heap before GC invocations=612 (full 5):
 PSYoungGen      total 25600K, used 25168K [0x00000000d5580000, 0x00000000d7380000, 0x0000000100000000)
  eden space 22016K, 100% used [0x00000000d5580000,0x00000000d6b00000,0x00000000d6b00000)
  from space 3584K, 87% used [0x00000000d7000000,0x00000000d7314030,0x00000000d7380000)
  to   space 4096K, 0% used [0x00000000d6b80000,0x00000000d6b80000,0x00000000d6f80000)
 ParOldGen       total 95744K, used 95677K [0x0000000080000000, 0x0000000085d80000, 0x00000000d5580000)
  object space 95744K, 99% used [0x0000000080000000,0x0000000085d6f400,0x0000000085d80000)
 Metaspace       used 74810K, committed 76160K, reserved 1179648K
  class space    used 7556K, committed 8192K, reserved 1048576K
}
Event: 683.561 GC heap after
{Heap after GC invocations=612 (full 5):
 PSYoungGen      total 26624K, used 4080K [0x00000000d5580000, 0x00000000d7680000, 0x0000000100000000)
  eden space 22528K, 0% used [0x00000000d5580000,0x00000000d5580000,0x00000000d6b80000)
  from space 4096K, 99% used [0x00000000d6b80000,0x00000000d6f7c030,0x00000000d6f80000)
  to   space 5632K, 0% used [0x00000000d7100000,0x00000000d7100000,0x00000000d7680000)
 ParOldGen       total 96768K, used 96530K [0x0000000080000000, 0x0000000085e80000, 0x00000000d5580000)
  object space 96768K, 99% used [0x0000000080000000,0x0000000085e44908,0x0000000085e80000)
 Metaspace       used 74810K, committed 76160K, reserved 1179648K
  class space    used 7556K, committed 8192K, reserved 1048576K
}
Event: 684.381 GC heap before
{Heap before GC invocations=613 (full 5):
 PSYoungGen      total 26624K, used 26608K [0x00000000d5580000, 0x00000000d7680000, 0x0000000100000000)
  eden space 22528K, 100% used [0x00000000d5580000,0x00000000d6b80000,0x00000000d6b80000)
  from space 4096K, 99% used [0x00000000d6b80000,0x00000000d6f7c030,0x00000000d6f80000)
  to   space 5632K, 0% used [0x00000000d7100000,0x00000000d7100000,0x00000000d7680000)
 ParOldGen       total 96768K, used 96530K [0x0000000080000000, 0x0000000085e80000, 0x00000000d5580000)
  object space 96768K, 99% used [0x0000000080000000,0x0000000085e44908,0x0000000085e80000)
 Metaspace       used 74824K, committed 76160K, reserved 1179648K
  class space    used 7556K, committed 8192K, reserved 1048576K
}
Event: 684.384 GC heap after
{Heap after GC invocations=613 (full 5):
 PSYoungGen      total 27648K, used 4240K [0x00000000d5580000, 0x00000000d7580000, 0x0000000100000000)
  eden space 23040K, 0% used [0x00000000d5580000,0x00000000d5580000,0x00000000d6c00000)
  from space 4608K, 92% used [0x00000000d7100000,0x00000000d7524030,0x00000000d7580000)
  to   space 4608K, 0% used [0x00000000d6c80000,0x00000000d6c80000,0x00000000d7100000)
 ParOldGen       total 97280K, used 97240K [0x0000000080000000, 0x0000000085f00000, 0x00000000d5580000)
  object space 97280K, 99% used [0x0000000080000000,0x0000000085ef6108,0x0000000085f00000)
 Metaspace       used 74824K, committed 76160K, reserved 1179648K
  class space    used 7556K, committed 8192K, reserved 1048576K
}
Event: 686.334 GC heap before
{Heap before GC invocations=614 (full 5):
 PSYoungGen      total 27648K, used 27280K [0x00000000d5580000, 0x00000000d7580000, 0x0000000100000000)
  eden space 23040K, 100% used [0x00000000d5580000,0x00000000d6c00000,0x00000000d6c00000)
  from space 4608K, 92% used [0x00000000d7100000,0x00000000d7524030,0x00000000d7580000)
  to   space 4608K, 0% used [0x00000000d6c80000,0x00000000d6c80000,0x00000000d7100000)
 ParOldGen       total 97280K, used 97240K [0x0000000080000000, 0x0000000085f00000, 0x00000000d5580000)
  object space 97280K, 99% used [0x0000000080000000,0x0000000085ef6108,0x0000000085f00000)
 Metaspace       used 74833K, committed 76224K, reserved 1179648K
  class space    used 7556K, committed 8192K, reserved 1048576K
}
Event: 686.336 GC heap after
{Heap after GC invocations=614 (full 5):
 PSYoungGen      total 28160K, used 4096K [0x00000000d5580000, 0x00000000d7580000, 0x0000000100000000)
  eden space 23552K, 0% used [0x00000000d5580000,0x00000000d5580000,0x00000000d6c80000)
  from space 4608K, 88% used [0x00000000d6c80000,0x00000000d7080020,0x00000000d7100000)
  to   space 4608K, 0% used [0x00000000d7100000,0x00000000d7100000,0x00000000d7580000)
 ParOldGen       total 97280K, used 97240K [0x0000000080000000, 0x0000000085f00000, 0x00000000d5580000)
  object space 97280K, 99% used [0x0000000080000000,0x0000000085ef6108,0x0000000085f00000)
 Metaspace       used 74833K, committed 76224K, reserved 1179648K
  class space    used 7556K, committed 8192K, reserved 1048576K
}
Event: 689.292 GC heap before
{Heap before GC invocations=615 (full 5):
 PSYoungGen      total 28160K, used 27648K [0x00000000d5580000, 0x00000000d7580000, 0x0000000100000000)
  eden space 23552K, 100% used [0x00000000d5580000,0x00000000d6c80000,0x00000000d6c80000)
  from space 4608K, 88% used [0x00000000d6c80000,0x00000000d7080020,0x00000000d7100000)
  to   space 4608K, 0% used [0x00000000d7100000,0x00000000d7100000,0x00000000d7580000)
 ParOldGen       total 97280K, used 97240K [0x0000000080000000, 0x0000000085f00000, 0x00000000d5580000)
  object space 97280K, 99% used [0x0000000080000000,0x0000000085ef6108,0x0000000085f00000)
 Metaspace       used 74842K, committed 76224K, reserved 1179648K
  class space    used 7556K, committed 8192K, reserved 1048576K
}
Event: 689.294 GC heap after
{Heap after GC invocations=615 (full 5):
 PSYoungGen      total 28160K, used 3712K [0x00000000d5580000, 0x00000000d7500000, 0x0000000100000000)
  eden space 24064K, 0% used [0x00000000d5580000,0x00000000d5580000,0x00000000d6d00000)
  from space 4096K, 90% used [0x00000000d7100000,0x00000000d74a0000,0x00000000d7500000)
  to   space 4096K, 0% used [0x00000000d6d00000,0x00000000d6d00000,0x00000000d7100000)
 ParOldGen       total 97280K, used 97240K [0x0000000080000000, 0x0000000085f00000, 0x00000000d5580000)
  object space 97280K, 99% used [0x0000000080000000,0x0000000085ef6108,0x0000000085f00000)
 Metaspace       used 74842K, committed 76224K, reserved 1179648K
  class space    used 7556K, committed 8192K, reserved 1048576K
}
Event: 691.021 GC heap before
{Heap before GC invocations=616 (full 5):
 PSYoungGen      total 28160K, used 27776K [0x00000000d5580000, 0x00000000d7500000, 0x0000000100000000)
  eden space 24064K, 100% used [0x00000000d5580000,0x00000000d6d00000,0x00000000d6d00000)
  from space 4096K, 90% used [0x00000000d7100000,0x00000000d74a0000,0x00000000d7500000)
  to   space 4096K, 0% used [0x00000000d6d00000,0x00000000d6d00000,0x00000000d7100000)
 ParOldGen       total 97280K, used 97240K [0x0000000080000000, 0x0000000085f00000, 0x00000000d5580000)
  object space 97280K, 99% used [0x0000000080000000,0x0000000085ef6108,0x0000000085f00000)
 Metaspace       used 74844K, committed 76224K, reserved 1179648K
  class space    used 7556K, committed 8192K, reserved 1048576K
}
Event: 691.023 GC heap after
{Heap after GC invocations=616 (full 5):
 PSYoungGen      total 28160K, used 3744K [0x00000000d5580000, 0x00000000d7580000, 0x0000000100000000)
  eden space 24064K, 0% used [0x00000000d5580000,0x00000000d5580000,0x00000000d6d00000)
  from space 4096K, 91% used [0x00000000d6d00000,0x00000000d70a8020,0x00000000d7100000)
  to   space 4096K, 0% used [0x00000000d7180000,0x00000000d7180000,0x00000000d7580000)
 ParOldGen       total 97280K, used 97248K [0x0000000080000000, 0x0000000085f00000, 0x00000000d5580000)
  object space 97280K, 99% used [0x0000000080000000,0x0000000085ef8108,0x0000000085f00000)
 Metaspace       used 74844K, committed 76224K, reserved 1179648K
  class space    used 7556K, committed 8192K, reserved 1048576K
}
Event: 694.169 GC heap before
{Heap before GC invocations=617 (full 5):
 PSYoungGen      total 28160K, used 27808K [0x00000000d5580000, 0x00000000d7580000, 0x0000000100000000)
  eden space 24064K, 100% used [0x00000000d5580000,0x00000000d6d00000,0x00000000d6d00000)
  from space 4096K, 91% used [0x00000000d6d00000,0x00000000d70a8020,0x00000000d7100000)
  to   space 4096K, 0% used [0x00000000d7180000,0x00000000d7180000,0x00000000d7580000)
 ParOldGen       total 97280K, used 97248K [0x0000000080000000, 0x0000000085f00000, 0x00000000d5580000)
  object space 97280K, 99% used [0x0000000080000000,0x0000000085ef8108,0x0000000085f00000)
 Metaspace       used 74863K, committed 76224K, reserved 1179648K
  class space    used 7556K, committed 8192K, reserved 1048576K
}
Event: 694.171 GC heap after
{Heap after GC invocations=617 (full 5):
 PSYoungGen      total 27136K, used 4080K [0x00000000d5580000, 0x00000000d7880000, 0x0000000100000000)
  eden space 23040K, 0% used [0x00000000d5580000,0x00000000d5580000,0x00000000d6c00000)
  from space 4096K, 99% used [0x00000000d7180000,0x00000000d757c030,0x00000000d7580000)
  to   space 5632K, 0% used [0x00000000d6c00000,0x00000000d6c00000,0x00000000d7180000)
 ParOldGen       total 98304K, used 98135K [0x0000000080000000, 0x0000000086000000, 0x00000000d5580000)
  object space 98304K, 99% used [0x0000000080000000,0x0000000085fd5f80,0x0000000086000000)
 Metaspace       used 74863K, committed 76224K, reserved 1179648K
  class space    used 7556K, committed 8192K, reserved 1048576K
}
Event: 695.704 GC heap before
{Heap before GC invocations=618 (full 5):
 PSYoungGen      total 27136K, used 27120K [0x00000000d5580000, 0x00000000d7880000, 0x0000000100000000)
  eden space 23040K, 100% used [0x00000000d5580000,0x00000000d6c00000,0x00000000d6c00000)
  from space 4096K, 99% used [0x00000000d7180000,0x00000000d757c030,0x00000000d7580000)
  to   space 5632K, 0% used [0x00000000d6c00000,0x00000000d6c00000,0x00000000d7180000)
 ParOldGen       total 98304K, used 98135K [0x0000000080000000, 0x0000000086000000, 0x00000000d5580000)
  object space 98304K, 99% used [0x0000000080000000,0x0000000085fd5f80,0x0000000086000000)
 Metaspace       used 74878K, committed 76224K, reserved 1179648K
  class space    used 7556K, committed 8192K, reserved 1048576K
}
Event: 695.706 GC heap after
{Heap after GC invocations=618 (full 5):
 PSYoungGen      total 27648K, used 4096K [0x00000000d5580000, 0x00000000d7580000, 0x0000000100000000)
  eden space 23040K, 0% used [0x00000000d5580000,0x00000000d5580000,0x00000000d6c00000)
  from space 4608K, 88% used [0x00000000d6c00000,0x00000000d7000040,0x00000000d7080000)
  to   space 4608K, 0% used [0x00000000d7100000,0x00000000d7100000,0x00000000d7580000)
 ParOldGen       total 99328K, used 99155K [0x0000000080000000, 0x0000000086100000, 0x00000000d5580000)
  object space 99328K, 99% used [0x0000000080000000,0x00000000860d4dd0,0x0000000086100000)
 Metaspace       used 74878K, committed 76224K, reserved 1179648K
  class space    used 7556K, committed 8192K, reserved 1048576K
}
Event: 699.144 GC heap before
{Heap before GC invocations=619 (full 5):
 PSYoungGen      total 27648K, used 27136K [0x00000000d5580000, 0x00000000d7580000, 0x0000000100000000)
  eden space 23040K, 100% used [0x00000000d5580000,0x00000000d6c00000,0x00000000d6c00000)
  from space 4608K, 88% used [0x00000000d6c00000,0x00000000d7000040,0x00000000d7080000)
  to   space 4608K, 0% used [0x00000000d7100000,0x00000000d7100000,0x00000000d7580000)
 ParOldGen       total 99328K, used 99155K [0x0000000080000000, 0x0000000086100000, 0x00000000d5580000)
  object space 99328K, 99% used [0x0000000080000000,0x00000000860d4dd0,0x0000000086100000)
 Metaspace       used 74887K, committed 76224K, reserved 1179648K
  class space    used 7556K, committed 8192K, reserved 1048576K
}
Event: 699.146 GC heap after
{Heap after GC invocations=619 (full 5):
 PSYoungGen      total 27648K, used 4576K [0x00000000d5580000, 0x00000000d7680000, 0x0000000100000000)
  eden space 23040K, 0% used [0x00000000d5580000,0x00000000d5580000,0x00000000d6c00000)
  from space 4608K, 99% used [0x00000000d7100000,0x00000000d7578020,0x00000000d7580000)
  to   space 5120K, 0% used [0x00000000d6c00000,0x00000000d6c00000,0x00000000d7100000)
 ParOldGen       total 99328K, used 99323K [0x0000000080000000, 0x0000000086100000, 0x00000000d5580000)
  object space 99328K, 99% used [0x0000000080000000,0x00000000860fedf0,0x0000000086100000)
 Metaspace       used 74887K, committed 76224K, reserved 1179648K
  class space    used 7556K, committed 8192K, reserved 1048576K
}
Event: 704.289 GC heap before
{Heap before GC invocations=620 (full 5):
 PSYoungGen      total 27648K, used 27616K [0x00000000d5580000, 0x00000000d7680000, 0x0000000100000000)
  eden space 23040K, 100% used [0x00000000d5580000,0x00000000d6c00000,0x00000000d6c00000)
  from space 4608K, 99% used [0x00000000d7100000,0x00000000d7578020,0x00000000d7580000)
  to   space 5120K, 0% used [0x00000000d6c00000,0x00000000d6c00000,0x00000000d7100000)
 ParOldGen       total 99328K, used 99323K [0x0000000080000000, 0x0000000086100000, 0x00000000d5580000)
  object space 99328K, 99% used [0x0000000080000000,0x00000000860fedf0,0x0000000086100000)
 Metaspace       used 75028K, committed 76416K, reserved 1179648K
  class space    used 7580K, committed 8192K, reserved 1048576K
}
Event: 704.291 GC heap after
{Heap after GC invocations=620 (full 5):
 PSYoungGen      total 28160K, used 5026K [0x00000000d5580000, 0x00000000d7680000, 0x0000000100000000)
  eden space 23040K, 0% used [0x00000000d5580000,0x00000000d5580000,0x00000000d6c00000)
  from space 5120K, 98% used [0x00000000d6c00000,0x00000000d70e8ba0,0x00000000d7100000)
  to   space 5120K, 0% used [0x00000000d7180000,0x00000000d7180000,0x00000000d7680000)
 ParOldGen       total 99840K, used 99331K [0x0000000080000000, 0x0000000086180000, 0x00000000d5580000)
  object space 99840K, 99% used [0x0000000080000000,0x0000000086100df0,0x0000000086180000)
 Metaspace       used 75028K, committed 76416K, reserved 1179648K
  class space    used 7580K, committed 8192K, reserved 1048576K
}

